<?xml version="1.0" encoding="UTF-8"?>
<!-- Generated by org.testng.reporters.JUnitReportReporter -->
<testsuite hostname="CSCO-W-PF2S42X9" failures="0" tests="1" name="restAPI.GetRequest" time="1.767" errors="0" timestamp="14 Dec 2021 08:45:54 GMT" skipped="0">
  <testcase classname="restAPI.GetRequest" name="GetCall" time="1.767"/>
</testsuite> <!-- restAPI.GetRequest -->
